[debug] [2022-06-11T21:33:32.529Z] ----------------------------------------------------------------------
[debug] [2022-06-11T21:33:32.530Z] Command:       C:\Program Files\nodejs\node.exe C:\Users\box\AppData\Roaming\npm\node_modules\firebase-tools\lib\bin\firebase.js init
[debug] [2022-06-11T21:33:32.531Z] CLI Version:   11.0.1
[debug] [2022-06-11T21:33:32.531Z] Platform:      win32
[debug] [2022-06-11T21:33:32.531Z] Node Version:  v16.15.1
[debug] [2022-06-11T21:33:32.531Z] Time:          Sat Jun 11 2022 17:33:32 GMT-0400 (Eastern Daylight Saving Time)
[debug] [2022-06-11T21:33:32.532Z] ----------------------------------------------------------------------
[debug] 
[debug] [2022-06-11T21:33:32.539Z] > command requires scopes: ["email","openid","https://www.googleapis.com/auth/cloudplatformprojects.readonly","https://www.googleapis.com/auth/firebase","https://www.googleapis.com/auth/cloud-platform"]
[debug] [2022-06-11T21:33:32.539Z] > authorizing via signed-in user (gghdjjd1@gmail.com)
[info] 
     ######## #### ########  ######## ########     ###     ######  ########
     ##        ##  ##     ## ##       ##     ##  ##   ##  ##       ##
     ######    ##  ########  ######   ########  #########  ######  ######
     ##        ##  ##    ##  ##       ##     ## ##     ##       ## ##
     ##       #### ##     ## ######## ########  ##     ##  ######  ########

You're about to initialize a Firebase project in this directory:

  C:\Users\box\lkdcnext

[debug] [2022-06-11T21:34:21.199Z] ----------------------------------------------------------------------
[debug] [2022-06-11T21:34:21.201Z] Command:       C:\Program Files\nodejs\node.exe C:\Users\box\AppData\Roaming\npm\node_modules\firebase-tools\lib\bin\firebase.js init
[debug] [2022-06-11T21:34:21.201Z] CLI Version:   11.0.1
[debug] [2022-06-11T21:34:21.201Z] Platform:      win32
[debug] [2022-06-11T21:34:21.201Z] Node Version:  v16.15.1
[debug] [2022-06-11T21:34:21.202Z] Time:          Sat Jun 11 2022 17:34:21 GMT-0400 (Eastern Daylight Saving Time)
[debug] [2022-06-11T21:34:21.202Z] ----------------------------------------------------------------------
[debug] 
[debug] [2022-06-11T21:34:21.207Z] > command requires scopes: ["email","openid","https://www.googleapis.com/auth/cloudplatformprojects.readonly","https://www.googleapis.com/auth/firebase","https://www.googleapis.com/auth/cloud-platform"]
[debug] [2022-06-11T21:34:21.207Z] > authorizing via signed-in user (gghdjjd1@gmail.com)
[info] 
     ######## #### ########  ######## ########     ###     ######  ########
     ##        ##  ##     ## ##       ##     ##  ##   ##  ##       ##
     ######    ##  ########  ######   ########  #########  ######  ######
     ##        ##  ##    ##  ##       ##     ## ##     ##       ## ##
     ##       #### ##     ## ######## ########  ##     ##  ######  ########

You're about to initialize a Firebase project in this directory:

  C:\Users\box\lkdcnext

[info] 
=== Project Setup
[info] 
[info] First, let's associate this project directory with a Firebase project.
[info] You can create multiple project aliases by running firebase use --add, 
[info] but for now we'll just set up a default project.
[info] 
[debug] [2022-06-11T21:34:30.057Z] >>> [apiv2][query] GET https://firebase.googleapis.com/v1beta1/projects pageSize=100
[debug] [2022-06-11T21:34:30.569Z] <<< [apiv2][status] GET https://firebase.googleapis.com/v1beta1/projects 200
[debug] [2022-06-11T21:34:30.569Z] <<< [apiv2][body] GET https://firebase.googleapis.com/v1beta1/projects [omitted]
